<?xml version="1.0" encoding="UTF-8"?>
<testsuite name="com.novacomp.notification.application.NotificationStrategyRegistryTest" tests="2" skipped="0" failures="0" errors="0" timestamp="2026-01-31T13:49:54" hostname="ANGEL" time="0.006">
  <properties/>
  <testcase name="shouldThrowExceptionForUnsupportedChannel()" classname="com.novacomp.notification.application.NotificationStrategyRegistryTest" time="0.004"/>
  <testcase name="shouldReturnStrategyForSupportedChannel()" classname="com.novacomp.notification.application.NotificationStrategyRegistryTest" time="0.001"/>
  <system-out><![CDATA[]]></system-out>
  <system-err><![CDATA[]]></system-err>
</testsuite>
