<?xml version="1.0" encoding="UTF-8"?>
<testsuite name="com.novacomp.notification.application.NotificationStrategyFactoryTest" tests="2" skipped="0" failures="0" errors="0" timestamp="2026-01-31T13:49:53" hostname="ANGEL" time="0.062">
  <properties/>
  <testcase name="shouldPropagateExceptionWhenChannelIsNotSupported()" classname="com.novacomp.notification.application.NotificationStrategyFactoryTest" time="0.052"/>
  <testcase name="shouldReturnStrategyFromRegistry()" classname="com.novacomp.notification.application.NotificationStrategyFactoryTest" time="0.008"/>
  <system-out><![CDATA[]]></system-out>
  <system-err><![CDATA[]]></system-err>
</testsuite>
