<?xml version="1.0" encoding="UTF-8"?>
<testsuite name="com.novacomp.notification.infrastructure.SlackNotificationStrategyTest" tests="3" skipped="0" failures="0" errors="0" timestamp="2026-01-31T13:49:54" hostname="ANGEL" time="0.009">
  <properties/>
  <testcase name="shouldFailWhenCreatedAtIsNull()" classname="com.novacomp.notification.infrastructure.SlackNotificationStrategyTest" time="0.002"/>
  <testcase name="shouldFailWhenSlackMessageIsMissing()" classname="com.novacomp.notification.infrastructure.SlackNotificationStrategyTest" time="0.002"/>
  <testcase name="shouldFailWhenRecipientIsMissing()" classname="com.novacomp.notification.infrastructure.SlackNotificationStrategyTest" time="0.003"/>
  <system-out><![CDATA[10:49:54.676 [Test worker] ERROR com.novacomp.notification.domain.validation.CommonNotificationValidator -- createdAt is required
10:49:54.691 [Test worker] ERROR com.novacomp.notification.domain.validation.CommonNotificationValidator -- Recipient is required
]]></system-out>
  <system-err><![CDATA[]]></system-err>
</testsuite>
